<?xml version="1.0" encoding="UTF-8"?>
<testsuite xmlns:xsi="http://www.w3.org/2001/XMLSchema-instance" xsi:noNamespaceSchemaLocation="https://maven.apache.org/surefire/maven-surefire-plugin/xsd/surefire-test-report-3.0.xsd" version="3.0" name="com.koreanromanizer.KoreanNamesComparisonTest" time="0.585" tests="1" errors="0" skipped="0" failures="0">
  <properties>
[...]
</properties>
  <testcase name="testKoreanNamesAccuracy" classname="com.koreanromanizer.KoreanNamesComparisonTest" time="0.178">
    <system-out><![CDATA[Loaded 230 Korean names for testing

=== KOREAN ROMANIZER ACCURACY REPORT ===
Total names tested: 230

Full name exact matches: 0 (0.00%)
Last name matches: 0 (0.00%)
First name matches: 0 (0.00%)

=== ANALYSIS OF MISMATCHES (first 20) ===
Korean: 김서준 | Expected: Kim Seo-jun | Our result: gimseojun
  Last name: 김 → Expected: Kim | Ours: gim
  First name: 서준 → Expected: Seo-jun | Ours: seojun

Korean: 이하윤 | Expected: Lee Ha-yoon | Our result: ihayun
  Last name: 이 → Expected: Lee | Ours: i
  First name: 하윤 → Expected: Ha-yoon | Ours: hayun

Korean: 박도윤 | Expected: Park Do-yun | Our result: bakdoyun
  Last name: 박 → Expected: Park | Ours: bak
  First name: 도윤 → Expected: Do-yun | Ours: doyun

Korean: 최서아 | Expected: Choi Seo-a | Our result: choeseoa
  Last name: 최 → Expected: Choi | Ours: choe
  First name: 서아 → Expected: Seo-a | Ours: seoa

Korean: 정은우 | Expected: Jeong Eun-woo | Our result: jeongeunu
  Last name: 정 → Expected: Jeong | Ours: jeong
  First name: 은우 → Expected: Eun-woo | Ours: eunu

Korean: 강지안 | Expected: Kang Ji-an | Our result: gangjian
  Last name: 강 → Expected: Kang | Ours: gang
  First name: 지안 → Expected: Ji-an | Ours: jian

Korean: 조시우 | Expected: Jo Si-woo | Our result: josiu
  Last name: 조 → Expected: Jo | Ours: jo
  First name: 시우 → Expected: Si-woo | Ours: siu

Korean: 윤이서 | Expected: Yoon I-seo | Our result: yuniseo
  Last name: 윤 → Expected: Yoon | Ours: yun
  First name: 이서 → Expected: I-seo | Ours: iseo

Korean: 장하준 | Expected: Jang Ha-jun | Our result: janghajun
  Last name: 장 → Expected: Jang | Ours: jang
  First name: 하준 → Expected: Ha-jun | Ours: hajun

Korean: 임서윤 | Expected: Im Seo-yoon | Our result: imseoyun
  Last name: 임 → Expected: Im | Ours: im
  First name: 서윤 → Expected: Seo-yoon | Ours: seoyun

Korean: 한지호 | Expected: Han Ji-ho | Our result: hanjiho
  Last name: 한 → Expected: Han | Ours: han
  First name: 지호 → Expected: Ji-ho | Ours: jiho

Korean: 오아윤 | Expected: Oh A-yoon | Our result: oayun
  Last name: 오 → Expected: Oh | Ours: o
  First name: 아윤 → Expected: A-yoon | Ours: ayun

Korean: 서이준 | Expected: Seo I-jun | Our result: seoijun
  Last name: 서 → Expected: Seo | Ours: seo
  First name: 이준 → Expected: I-jun | Ours: ijun

Korean: 신지우 | Expected: Shin Ji-woo | Our result: sinjiu
  Last name: 신 → Expected: Shin | Ours: sin
  First name: 지우 → Expected: Ji-woo | Ours: jiu

Korean: 권주원 | Expected: Kwon Ju-won | Our result: gwonjuwon
  Last name: 권 → Expected: Kwon | Ours: gwon
  First name: 주원 → Expected: Ju-won | Ours: juwon

Korean: 황하은 | Expected: Hwang Ha-eun | Our result: hwanghaeun
  Last name: 황 → Expected: Hwang | Ours: hwang
  First name: 하은 → Expected: Ha-eun | Ours: haeun

Korean: 안예준 | Expected: Ahn Ye-jun | Our result: anyejun
  Last name: 안 → Expected: Ahn | Ours: an
  First name: 예준 → Expected: Ye-jun | Ours: yejun

Korean: 송지아 | Expected: Song Ji-a | Our result: songjia
  Last name: 송 → Expected: Song | Ours: song
  First name: 지아 → Expected: Ji-a | Ours: jia

Korean: 류민준 | Expected: Ryu Min-jun | Our result: ryuminjun
  Last name: 류 → Expected: Ryu | Ours: ryu
  First name: 민준 → Expected: Min-jun | Ours: minjun

Korean: 홍수아 | Expected: Hong Su-a | Our result: hongsua
  Last name: 홍 → Expected: Hong | Ours: hong
  First name: 수아 → Expected: Su-a | Ours: sua

=== COMMON MISMATCH PATTERNS ===
Hyphenation/formatting differences: 0
Spacing differences: 2
Actual transcription differences: 228
Total mismatches: 230
Test completed. Results logged above.
]]></system-out>
  </testcase>
</testsuite>